2023-04-20 19:00:53.780 [INFO] [main]
                [ru.skillfactorydemo.tgbot.DemoApplication:55] Starting DemoApplication using Java 17.0.6 on notic with PID 9960 (C:\Users\sanch\Downloads\telegram_bot\demo\target\classes started by sanch in C:\Users\sanch\Downloads\telegram_bot)
2023-04-20 19:00:53.785 [INFO] [main]
                [ru.skillfactorydemo.tgbot.DemoApplication:634] No active profile set, falling back to 1 default profile: "default"
2023-04-20 19:00:55.386 [INFO] [main]
                [org.apache.coyote.http11.Http11NioProtocol:173] Initializing ProtocolHandler ["http-nio-9090"]
2023-04-20 19:00:55.387 [INFO] [main]
                [org.apache.catalina.core.StandardService:173] Starting service [Tomcat]
2023-04-20 19:00:55.387 [INFO] [main]
                [org.apache.catalina.core.StandardEngine:173] Starting Servlet engine: [Apache Tomcat/9.0.68]
2023-04-20 19:00:55.502 [INFO] [main]
                [org.apache.catalina.core.ContainerBase.[Tomcat].[localhost].[/]:173] Initializing Spring embedded WebApplicationContext
2023-04-20 19:00:55.911 [INFO] [main]
                [com.zaxxer.hikari.HikariDataSource:110] HikariPool-1 - Starting...
2023-04-20 19:00:56.238 [INFO] [main]
                [com.zaxxer.hikari.HikariDataSource:123] HikariPool-1 - Start completed.
2023-04-20 19:00:56.303 [INFO] [main]
                [org.hibernate.jpa.internal.util.LogHelper:31] HHH000204: Processing PersistenceUnitInfo [name: default]
2023-04-20 19:00:56.364 [INFO] [main]
                [org.hibernate.Version:44] HHH000412: Hibernate ORM core version 5.6.12.Final
2023-04-20 19:00:56.597 [INFO] [main]
                [org.hibernate.annotations.common.Version:56] HCANN000001: Hibernate Commons Annotations {5.1.2.Final}
2023-04-20 19:00:56.746 [INFO] [main]
                [org.hibernate.dialect.Dialect:175] HHH000400: Using dialect: org.hibernate.dialect.PostgreSQL10Dialect
2023-04-20 19:00:56.874 [INFO] [main]
                [org.hibernate.engine.transaction.jta.platform.internal.JtaPlatformInitiator:52] HHH000490: Using JtaPlatform implementation: [org.hibernate.engine.transaction.jta.platform.internal.NoJtaPlatform]
2023-04-20 19:00:57.742 [INFO] [main]
                [org.apache.coyote.http11.Http11NioProtocol:173] Starting ProtocolHandler ["http-nio-9090"]
2023-04-20 19:00:57.803 [INFO] [main]
                [ru.skillfactorydemo.tgbot.DemoApplication:61] Started DemoApplication in 4.468 seconds (JVM running for 4.893)
2023-04-20 19:01:02.999 [INFO] [http-nio-9090-exec-2]
                [org.apache.catalina.core.ContainerBase.[Tomcat].[localhost].[/]:173] Initializing Spring DispatcherServlet 'dispatcherServlet'
2023-04-20 19:38:09.888 [INFO] [SpringApplicationShutdownHook]
                [com.zaxxer.hikari.HikariDataSource:350] HikariPool-1 - Shutdown initiated...
2023-04-20 19:38:09.890 [INFO] [SpringApplicationShutdownHook]
                [com.zaxxer.hikari.HikariDataSource:352] HikariPool-1 - Shutdown completed.
